<?xml version="1.0" encoding="UTF-8"?>
<!-- Generated by org.testng.reporters.JUnitXMLReporter -->
<testsuite hostname="DESKTOP-JCJ8HOK" ignored="1" name="SampleTest" tests="4" failures="0" timestamp="15 Nov 2022 00:55:57 GMT" time="31.734" errors="0">
  <testcase name="amazon" time="9.54" classname="testng.TNG_002"/>
  <testcase name="f" time="0.004" classname="testng.NewTest"/>
  <testcase name="f" time="0.003" classname="testng.TNG_001"/>
  <testcase name="z" time="0.002" classname="testng.TNG_001"/>
  <testcase name="a" time="0.0" classname="testng.TNG_001">
    <ignored/>
  </testcase> <!-- a -->
</testsuite> <!-- SampleTest -->
