<?xml version="1.0" encoding="UTF-8"?>
<testng-results ignored="0" total="1" passed="1" failed="0" skipped="0">
  <reporter-output>
  </reporter-output>
  <suite started-at="2022-12-10T01:21:00Z" name="Suite" finished-at="2022-12-10T01:21:09Z" duration-ms="9509">
    <groups>
      <group name="regression">
        <method signature="TNG_002.amazon()[pri:0, instance:testng.TNG_002@609db43b]" name="amazon" class="testng.TNG_002"/>
      </group> <!-- regression -->
      <group name="sanity">
        <method signature="TNG_002.amazon()[pri:0, instance:testng.TNG_002@609db43b]" name="amazon" class="testng.TNG_002"/>
      </group> <!-- sanity -->
    </groups>
    <test started-at="2022-12-10T01:21:00Z" name="Test" finished-at="2022-12-10T01:21:09Z" duration-ms="9509">
      <class name="testng.TNG_002">
        <test-method is-config="true" signature="startProcess(java.lang.String)[pri:0, instance:testng.TNG_002@609db43b]" started-at="2022-12-10T01:21:00Z" name="startProcess" finished-at="2022-12-10T01:21:05Z" duration-ms="5025" status="PASS">
          <params>
            <param index="0">
              <value>
                <![CDATA[chrome]]>
              </value>
            </param>
          </params>
          <reporter-output>
          </reporter-output>
        </test-method> <!-- startProcess -->
        <test-method signature="amazon()[pri:0, instance:testng.TNG_002@609db43b]" started-at="2022-12-10T01:21:05Z" name="amazon" finished-at="2022-12-10T01:21:08Z" duration-ms="3286" status="PASS">
          <reporter-output>
          </reporter-output>
        </test-method> <!-- amazon -->
        <test-method is-config="true" signature="endProcess()[pri:0, instance:testng.TNG_002@609db43b]" started-at="2022-12-10T01:21:08Z" name="endProcess" finished-at="2022-12-10T01:21:09Z" duration-ms="1107" status="PASS">
          <reporter-output>
          </reporter-output>
        </test-method> <!-- endProcess -->
      </class> <!-- testng.TNG_002 -->
    </test> <!-- Test -->
  </suite> <!-- Suite -->
</testng-results>
